<?xml version="1.0" encoding="UTF-8"?>
<!-- Generated by org.testng.reporters.JUnitReportReporter -->
<testsuite hostname="Neethi" failures="0" tests="5" name="executeClass.ExecuteManageExpensePage" time="72.999" errors="0" timestamp="2022-07-30T14:34:07 IST" skipped="0">
  <testcase classname="executeClass.ExecuteManageExpensePage" name="verifyExpenseCategoryListIsDisplayedWhenClickedOnExpenseCategory" time="17.087"/>
  <system-out/>
  <testcase classname="executeClass.ExecuteManageExpensePage" name="verifyTheAdminCanCreateNewExpenseCategory" time="19.247"/>
  <system-out/>
  <testcase classname="executeClass.ExecuteManageExpensePage" name="verifyTheAdminCanSearchNewlyCreatedExpenseCategory" time="11.788"/>
  <system-out/>
  <testcase classname="executeClass.ExecuteManageExpensePage" name="verifyTheAdminCanEditTheNewlyCreatedExpenseCategory" time="12.862"/>
  <system-out/>
  <testcase classname="executeClass.ExecuteManageExpensePage" name="verifyTheAdminCanDeleteTheCreatedExpenseCategory" time="12.015"/>
  <system-out/>
</testsuite> <!-- executeClass.ExecuteManageExpensePage -->
