<?xml version="1.0" encoding="UTF-8"?>
<!-- Generated by org.testng.reporters.JUnitReportReporter -->
<testsuite hostname="Neethi" failures="0" tests="4" name="executeClass.ExecuteManageUsersPage" time="28.210" errors="0" timestamp="2022-08-03T18:30:37 IST" skipped="0">
  <testcase classname="executeClass.ExecuteManageUsersPage" name="verifyListUsersPageIsDisplayedWhenClickedOnManageUsersPage" time="6.319"/>
  <system-out/>
  <testcase classname="executeClass.ExecuteManageUsersPage" name="verifyUserCanPerformSearchUsingName" time="6.987"/>
  <system-out/>
  <testcase classname="executeClass.ExecuteManageUsersPage" name="verifyUserCanPerformSearchUsingEmail" time="8.021"/>
  <system-out/>
  <testcase classname="executeClass.ExecuteManageUsersPage" name="verifyTheAdminCanChangeTheStatusOfAnyUser" time="6.883"/>
  <system-out/>
</testsuite> <!-- executeClass.ExecuteManageUsersPage -->
