<?xml version="1.0" encoding="UTF-8"?>
<!-- Generated by org.testng.reporters.JUnitReportReporter -->
<testsuite hostname="Neethi" failures="0" tests="3" name="executeClass.ExecuteVerifyUsersPage" time="23.699" errors="0" timestamp="2022-08-02T15:33:40 IST" skipped="0">
  <testcase classname="executeClass.ExecuteVerifyUsersPage" name="verifyListUsersPageIsDisplayedWhenClickedOnVerifyUsersPage" time="8.623"/>
  <system-out/>
  <testcase classname="executeClass.ExecuteVerifyUsersPage" name="verifyUserCanSearchUsingName" time="7.365"/>
  <system-out/>
  <testcase classname="executeClass.ExecuteVerifyUsersPage" name="verifyUserCanSearchUsingPhoneNumber" time="7.711"/>
  <system-out/>
</testsuite> <!-- executeClass.ExecuteVerifyUsersPage -->
