<?xml version="1.0" encoding="UTF-8"?>
<!-- Generated by org.testng.reporters.JUnitReportReporter -->
<testsuite hostname="Neethi" failures="0" tests="3" name="executeClass.ExecutePushNotificationPage" time="25.221" errors="0" timestamp="2022-08-03T18:29:23 IST" skipped="0">
  <testcase classname="executeClass.ExecutePushNotificationPage" name="verifyPushNotificationPageIsDisplayedWhenClickedOnPushNotification" time="10.436"/>
  <system-out/>
  <testcase classname="executeClass.ExecutePushNotificationPage" name="verifyAdminCanSendNotificationSuccessfullyOrNot" time="7.107"/>
  <system-out/>
  <testcase classname="executeClass.ExecutePushNotificationPage" name="verifyResetButtonIsVisibleOrNot" time="7.678"/>
  <system-out/>
</testsuite> <!-- executeClass.ExecutePushNotificationPage -->
