<?xml version="1.0" encoding="UTF-8"?>
<!-- Generated by org.testng.reporters.JUnitReportReporter -->
<testsuite hostname="Neethi" failures="0" tests="3" name="executeClass.ExecuteLoginPage" time="134.451" errors="0" timestamp="2022-07-28T19:11:25 IST" skipped="0">
  <testcase classname="executeClass.ExecuteLoginPage" name="verifyUnsuccessfullLogin" time="20.048"/>
  <system-out/>
  <testcase classname="executeClass.ExecuteLoginPage" name="verifyUnsuccessfullLogin" time="29.253"/>
  <system-out/>
  <testcase classname="executeClass.ExecuteLoginPage" name="verifyUnsuccessfullLogin" time="85.150"/>
  <system-out/>
</testsuite> <!-- executeClass.ExecuteLoginPage -->
