<?xml version="1.0" encoding="UTF-8"?>
<!-- Generated by org.testng.reporters.JUnitReportReporter -->
<testsuite hostname="Neethi" failures="0" tests="1" name="executeClass.ExecuteManageProduct" time="13.773" errors="0" timestamp="2022-08-03T18:39:48 IST" skipped="0">
  <testcase classname="executeClass.ExecuteManageProduct" name="verifyUserCanNavigateToLastPageWhenClickedOnLast" time="13.773"/>
  <system-out/>
</testsuite> <!-- executeClass.ExecuteManageProduct -->
