<?xml version="1.0" encoding="UTF-8"?>
<!-- Generated by org.testng.reporters.JUnitReportReporter -->
<testsuite hostname="Neethi" failures="0" tests="1" name="executeClass.ExecuteDashBoardPage" time="24.222" errors="0" timestamp="2022-08-02T19:45:10 IST" skipped="0">
  <testcase classname="executeClass.ExecuteDashBoardPage" name="verifyDashBoardIsVisibleAfterLoginOrNot" time="24.222"/>
  <system-out/>
</testsuite> <!-- executeClass.ExecuteDashBoardPage -->
