<?xml version="1.0" encoding="UTF-8"?>
<!-- Generated by org.testng.reporters.JUnitReportReporter -->
<testsuite hostname="Neethi" failures="0" tests="2" name="executeClass.ExecuteManageOrdersPage" time="16.533" errors="0" timestamp="2022-07-31T16:52:50 IST" skipped="0">
  <testcase classname="executeClass.ExecuteManageOrdersPage" name="verifyTheAdminCanSearchAnOrderByUsingOrderId" time="9.169"/>
  <system-out/>
  <testcase classname="executeClass.ExecuteManageOrdersPage" name="verifyTheAdminCanViewTheOrderDetailsOfSearchedOrder" time="7.364"/>
  <system-out/>
</testsuite> <!-- executeClass.ExecuteManageOrdersPage -->
